<?xml version="1.0" encoding="UTF-8"?>
<!-- Generated by org.testng.reporters.JUnitXMLReporter -->
<testsuite ignored="0" hostname="LAPTOP-DGF065A0" failures="0" tests="3" name="LoginTest" time="57.218" errors="0" timestamp="2023-10-22T01:44:23 CDT">
  <testcase classname="test.LoginTest" name="validUserShouldBeAbleToLogin" time="15.276"/>
  <testcase classname="test.AddCustomerTest" name="userShouldBeAbleToAddCustomer" time="18.375"/>
  <testcase classname="test.ListCustomerTest" name="userShouldBeAbleToAddCustomer" time="23.389"/>
</testsuite> <!-- LoginTest -->
