<?xml version="1.0" encoding="UTF-8"?>
<testng-results ignored="0" total="3" passed="3" failed="0" skipped="0">
  <reporter-output>
  </reporter-output>
  <suite started-at="2023-10-22T01:43:26 CDT" name="regression" finished-at="2023-10-22T01:44:23 CDT" duration-ms="57218">
    <groups>
    </groups>
    <test started-at="2023-10-22T01:43:26 CDT" name="LoginTest" finished-at="2023-10-22T01:44:23 CDT" duration-ms="57218">
      <class name="test.AddCustomerTest">
        <test-method signature="userShouldBeAbleToAddCustomer(java.lang.String,java.lang.String,java.lang.String,java.lang.String,java.lang.String,java.lang.String,java.lang.String,java.lang.String,java.lang.String,java.lang.String,java.lang.String,java.lang.String,java.lang.String)[pri:0, instance:test.AddCustomerTest@1e1a0406]" started-at="2023-10-22T01:43:41 CDT" name="userShouldBeAbleToAddCustomer" finished-at="2023-10-22T01:44:00 CDT" duration-ms="18375" status="PASS">
          <params>
            <param index="0">
              <value>
                <![CDATA[demo@techfios.com]]>
              </value>
            </param>
            <param index="1">
              <value>
                <![CDATA[abc123]]>
              </value>
            </param>
            <param index="2">
              <value>
                <![CDATA[Dashboard]]>
              </value>
            </param>
            <param index="3">
              <value>
                <![CDATA[Qa student]]>
              </value>
            </param>
            <param index="4">
              <value>
                <![CDATA[Bank Of America]]>
              </value>
            </param>
            <param index="5">
              <value>
                <![CDATA[msexcell@gmail.com]]>
              </value>
            </param>
            <param index="6">
              <value>
                <![CDATA[243435]]>
              </value>
            </param>
            <param index="7">
              <value>
                <![CDATA[Techfios Building]]>
              </value>
            </param>
            <param index="8">
              <value>
                <![CDATA[Carrolton]]>
              </value>
            </param>
            <param index="9">
              <value>
                <![CDATA[TX]]>
              </value>
            </param>
            <param index="10">
              <value>
                <![CDATA[75009]]>
              </value>
            </param>
            <param index="11">
              <value>
                <![CDATA[United Kingdom]]>
              </value>
            </param>
            <param index="12">
              <value>
                <![CDATA[Add Contact]]>
              </value>
            </param>
          </params>
          <reporter-output>
          </reporter-output>
        </test-method> <!-- userShouldBeAbleToAddCustomer -->
      </class> <!-- test.AddCustomerTest -->
      <class name="test.LoginTest">
        <test-method signature="validUserShouldBeAbleToLogin(java.lang.String,java.lang.String,java.lang.String)[pri:0, instance:test.LoginTest@3c7f66c4]" started-at="2023-10-22T01:43:26 CDT" name="validUserShouldBeAbleToLogin" finished-at="2023-10-22T01:43:41 CDT" duration-ms="15276" status="PASS">
          <params>
            <param index="0">
              <value>
                <![CDATA[demo@techfios.com]]>
              </value>
            </param>
            <param index="1">
              <value>
                <![CDATA[abc123]]>
              </value>
            </param>
            <param index="2">
              <value>
                <![CDATA[Dashboard]]>
              </value>
            </param>
          </params>
          <reporter-output>
          </reporter-output>
        </test-method> <!-- validUserShouldBeAbleToLogin -->
      </class> <!-- test.LoginTest -->
      <class name="test.ListCustomerTest">
        <test-method signature="userShouldBeAbleToAddCustomer(java.lang.String,java.lang.String,java.lang.String,java.lang.String,java.lang.String,java.lang.String,java.lang.String,java.lang.String,java.lang.String,java.lang.String,java.lang.String,java.lang.String,java.lang.String)[pri:0, instance:test.ListCustomerTest@3cebbb30]" started-at="2023-10-22T01:44:00 CDT" name="userShouldBeAbleToAddCustomer" finished-at="2023-10-22T01:44:23 CDT" duration-ms="23389" status="PASS">
          <params>
            <param index="0">
              <value>
                <![CDATA[demo@techfios.com]]>
              </value>
            </param>
            <param index="1">
              <value>
                <![CDATA[abc123]]>
              </value>
            </param>
            <param index="2">
              <value>
                <![CDATA[Dashboard]]>
              </value>
            </param>
            <param index="3">
              <value>
                <![CDATA[Qa student]]>
              </value>
            </param>
            <param index="4">
              <value>
                <![CDATA[Bank Of America]]>
              </value>
            </param>
            <param index="5">
              <value>
                <![CDATA[msexcell@gmail.com]]>
              </value>
            </param>
            <param index="6">
              <value>
                <![CDATA[243435]]>
              </value>
            </param>
            <param index="7">
              <value>
                <![CDATA[Techfios Building]]>
              </value>
            </param>
            <param index="8">
              <value>
                <![CDATA[Carrolton]]>
              </value>
            </param>
            <param index="9">
              <value>
                <![CDATA[TX]]>
              </value>
            </param>
            <param index="10">
              <value>
                <![CDATA[75009]]>
              </value>
            </param>
            <param index="11">
              <value>
                <![CDATA[United Kingdom]]>
              </value>
            </param>
            <param index="12">
              <value>
                <![CDATA[Add Contact]]>
              </value>
            </param>
          </params>
          <reporter-output>
          </reporter-output>
        </test-method> <!-- userShouldBeAbleToAddCustomer -->
      </class> <!-- test.ListCustomerTest -->
    </test> <!-- LoginTest -->
  </suite> <!-- regression -->
</testng-results>
